2025-11-25 23:47:50 Peer 1002 connected to localhost:6001.
2025-11-25 23:47:50 Peer 1002 sent handshake to Peer 1002.
2025-11-25 23:47:50 Peer 1002 is listening for incoming connections on port 6002.
2025-11-25 23:47:50 Peer 1002 started accepting incoming connections.
2025-11-25 23:47:55 Peer 1002 has the preferred neighbors .
2025-11-25 23:48:00 Peer 1002 has the preferred neighbors .
2025-11-25 23:48:00 Peer 1002 connected to Peer 1003.
2025-11-25 23:48:00 Peer 1002 sent handshake to Peer 1002.
2025-11-25 23:48:00 [ERROR] Failed to read message from peer socket: 6
2025-11-25 23:48:00 [DISCONNECT] Lost connection to peer 1003
2025-11-26 00:02:45 Peer 1002 connected to localhost:6001.
2025-11-26 00:02:45 Peer 1002 sent handshake to Peer 1002.
2025-11-26 00:02:45 Peer 1002 connected to Peer 1001.
2025-11-26 00:02:45 Peer 1002 received the 'not interested' message from peer 1001.
2025-11-26 00:02:45 Peer 1002 is listening for incoming connections on port 6002.
2025-11-26 00:02:45 Peer 1002 started accepting incoming connections.
2025-11-26 00:02:49 Peer 1002 received the 'unchoke' message from peer 1001.
2025-11-26 00:02:49 Peer 1002 has downloaded piece 0 from peer 1001. Now has 1 pieces.
2025-11-26 00:02:49 [INFO] Peer 1002 has not yet downloaded the complete file.
2025-11-26 00:02:49 Peer 1002 has downloaded piece 1 from peer 1001. Now has 2 pieces.
2025-11-26 00:02:49 [INFO] Peer 1002 has not yet downloaded the complete file.
2025-11-26 00:02:49 Peer 1002 has downloaded piece 2 from peer 1001. Now has 3 pieces.
2025-11-26 00:02:49 [INFO] Peer 1002 has not yet downloaded the complete file.
2025-11-26 00:02:49 Peer 1002 has downloaded piece 3 from peer 1001. Now has 4 pieces.
2025-11-26 00:02:49 [INFO] Peer 1002 has not yet downloaded the complete file.
2025-11-26 00:02:49 Peer 1002 has downloaded piece 4 from peer 1001. Now has 5 pieces.
2025-11-26 00:02:49 [INFO] Peer 1002 has not yet downloaded the complete file.
2025-11-26 00:02:49 Peer 1002 has downloaded piece 5 from peer 1001. Now has 6 pieces.
2025-11-26 00:02:49 [INFO] Peer 1002 has not yet downloaded the complete file.
2025-11-26 00:02:49 Peer 1002 has downloaded piece 6 from peer 1001. Now has 7 pieces.
2025-11-26 00:02:49 [INFO] Peer 1002 has not yet downloaded the complete file.
2025-11-26 00:02:49 Peer 1002 has downloaded piece 7 from peer 1001. Now has 8 pieces.
2025-11-26 00:02:49 [INFO] Peer 1002 has not yet downloaded the complete file.
2025-11-26 00:02:49 Peer 1002 has downloaded piece 8 from peer 1001. Now has 9 pieces.
2025-11-26 00:02:49 [INFO] Peer 1002 has not yet downloaded the complete file.
2025-11-26 00:02:49 Peer 1002 has downloaded piece 9 from peer 1001. Now has 10 pieces.
2025-11-26 00:02:49 [INFO] Peer 1002 has not yet downloaded the complete file.
2025-11-26 00:02:49 Peer 1002 has downloaded piece 10 from peer 1001. Now has 11 pieces.
2025-11-26 00:02:49 [INFO] Peer 1002 has not yet downloaded the complete file.
2025-11-26 00:02:49 Peer 1002 has downloaded piece 11 from peer 1001. Now has 12 pieces.
2025-11-26 00:02:49 [INFO] Peer 1002 has not yet downloaded the complete file.
2025-11-26 00:02:49 Peer 1002 has downloaded piece 12 from peer 1001. Now has 13 pieces.
2025-11-26 00:02:49 [INFO] Peer 1002 has not yet downloaded the complete file.
2025-11-26 00:02:49 Peer 1002 has downloaded piece 13 from peer 1001. Now has 14 pieces.
2025-11-26 00:02:49 [INFO] Peer 1002 has not yet downloaded the complete file.
2025-11-26 00:02:49 Peer 1002 has downloaded piece 14 from peer 1001. Now has 15 pieces.
2025-11-26 00:02:49 [INFO] Peer 1002 has not yet downloaded the complete file.
2025-11-26 00:02:49 Peer 1002 has downloaded piece 15 from peer 1001. Now has 16 pieces.
2025-11-26 00:02:49 [INFO] Peer 1002 has not yet downloaded the complete file.
2025-11-26 00:02:49 Peer 1002 has downloaded piece 16 from peer 1001. Now has 17 pieces.
2025-11-26 00:02:49 [INFO] Peer 1002 has not yet downloaded the complete file.
2025-11-26 00:02:49 Peer 1002 has downloaded piece 17 from peer 1001. Now has 18 pieces.
2025-11-26 00:02:49 [INFO] Peer 1002 has not yet downloaded the complete file.
2025-11-26 00:02:49 Peer 1002 has downloaded piece 18 from peer 1001. Now has 19 pieces.
2025-11-26 00:02:49 [INFO] Peer 1002 has not yet downloaded the complete file.
2025-11-26 00:02:49 Peer 1002 has downloaded piece 19 from peer 1001. Now has 20 pieces.
2025-11-26 00:02:49 [INFO] Peer 1002 has not yet downloaded the complete file.
2025-11-26 00:02:49 Peer 1002 has downloaded piece 20 from peer 1001. Now has 21 pieces.
2025-11-26 00:02:49 [INFO] Peer 1002 has not yet downloaded the complete file.
2025-11-26 00:02:49 Peer 1002 has downloaded piece 21 from peer 1001. Now has 22 pieces.
2025-11-26 00:02:49 [INFO] Peer 1002 has not yet downloaded the complete file.
2025-11-26 00:02:49 Peer 1002 has downloaded piece 22 from peer 1001. Now has 23 pieces.
2025-11-26 00:02:49 [INFO] Peer 1002 has not yet downloaded the complete file.
2025-11-26 00:02:49 Peer 1002 has downloaded piece 23 from peer 1001. Now has 24 pieces.
2025-11-26 00:02:49 [INFO] Peer 1002 has not yet downloaded the complete file.
2025-11-26 00:02:49 Peer 1002 has downloaded piece 24 from peer 1001. Now has 25 pieces.
2025-11-26 00:02:49 [INFO] Peer 1002 has not yet downloaded the complete file.
2025-11-26 00:02:49 Peer 1002 has downloaded piece 25 from peer 1001. Now has 26 pieces.
2025-11-26 00:02:49 [INFO] Peer 1002 has not yet downloaded the complete file.
2025-11-26 00:02:49 Peer 1002 has downloaded piece 26 from peer 1001. Now has 27 pieces.
2025-11-26 00:02:49 [INFO] Peer 1002 has not yet downloaded the complete file.
2025-11-26 00:02:49 Peer 1002 has downloaded piece 27 from peer 1001. Now has 28 pieces.
2025-11-26 00:02:49 [INFO] Peer 1002 has not yet downloaded the complete file.
2025-11-26 00:02:49 Peer 1002 has downloaded piece 28 from peer 1001. Now has 29 pieces.
2025-11-26 00:02:49 [INFO] Peer 1002 has not yet downloaded the complete file.
2025-11-26 00:02:49 Peer 1002 has downloaded piece 29 from peer 1001. Now has 30 pieces.
2025-11-26 00:02:49 [INFO] Peer 1002 has not yet downloaded the complete file.
2025-11-26 00:02:49 Peer 1002 has downloaded piece 30 from peer 1001. Now has 31 pieces.
2025-11-26 00:02:49 [INFO] Peer 1002 has not yet downloaded the complete file.
2025-11-26 00:02:49 Peer 1002 has downloaded piece 31 from peer 1001. Now has 32 pieces.
2025-11-26 00:02:49 [INFO] Peer 1002 has not yet downloaded the complete file.
2025-11-26 00:02:49 Peer 1002 has downloaded piece 32 from peer 1001. Now has 33 pieces.
2025-11-26 00:02:49 [INFO] Peer 1002 has not yet downloaded the complete file.
2025-11-26 00:02:49 Peer 1002 has downloaded piece 33 from peer 1001. Now has 34 pieces.
2025-11-26 00:02:49 [INFO] Peer 1002 has not yet downloaded the complete file.
2025-11-26 00:02:49 Peer 1002 has downloaded piece 34 from peer 1001. Now has 35 pieces.
2025-11-26 00:02:49 [INFO] Peer 1002 has not yet downloaded the complete file.
2025-11-26 00:02:49 Peer 1002 has downloaded piece 35 from peer 1001. Now has 36 pieces.
2025-11-26 00:02:49 [INFO] Peer 1002 has not yet downloaded the complete file.
2025-11-26 00:02:49 Peer 1002 has downloaded piece 36 from peer 1001. Now has 37 pieces.
2025-11-26 00:02:49 [INFO] Peer 1002 has not yet downloaded the complete file.
2025-11-26 00:02:49 Peer 1002 has downloaded piece 37 from peer 1001. Now has 38 pieces.
2025-11-26 00:02:49 [INFO] Peer 1002 has not yet downloaded the complete file.
2025-11-26 00:02:49 Peer 1002 has downloaded piece 38 from peer 1001. Now has 39 pieces.
2025-11-26 00:02:49 [INFO] Peer 1002 has not yet downloaded the complete file.
2025-11-26 00:02:49 Peer 1002 has downloaded piece 39 from peer 1001. Now has 40 pieces.
2025-11-26 00:02:49 [INFO] Peer 1002 has not yet downloaded the complete file.
2025-11-26 00:02:49 Peer 1002 has downloaded piece 40 from peer 1001. Now has 41 pieces.
2025-11-26 00:02:49 [INFO] Peer 1002 has not yet downloaded the complete file.
2025-11-26 00:02:49 Peer 1002 has downloaded piece 41 from peer 1001. Now has 42 pieces.
2025-11-26 00:02:49 [INFO] Peer 1002 has not yet downloaded the complete file.
2025-11-26 00:02:49 Peer 1002 has downloaded piece 42 from peer 1001. Now has 43 pieces.
2025-11-26 00:02:49 [INFO] Peer 1002 has not yet downloaded the complete file.
2025-11-26 00:02:49 Peer 1002 has downloaded piece 43 from peer 1001. Now has 44 pieces.
2025-11-26 00:02:49 [INFO] Peer 1002 has not yet downloaded the complete file.
2025-11-26 00:02:49 Peer 1002 has downloaded piece 44 from peer 1001. Now has 45 pieces.
2025-11-26 00:02:49 [INFO] Peer 1002 has not yet downloaded the complete file.
2025-11-26 00:02:49 Peer 1002 has downloaded piece 45 from peer 1001. Now has 46 pieces.
2025-11-26 00:02:49 [INFO] Peer 1002 has not yet downloaded the complete file.
2025-11-26 00:02:49 Peer 1002 has downloaded piece 46 from peer 1001. Now has 47 pieces.
2025-11-26 00:02:49 [INFO] Peer 1002 has not yet downloaded the complete file.
2025-11-26 00:02:49 Peer 1002 has downloaded piece 47 from peer 1001. Now has 48 pieces.
2025-11-26 00:02:49 [INFO] Peer 1002 has not yet downloaded the complete file.
2025-11-26 00:02:49 Peer 1002 has downloaded piece 48 from peer 1001. Now has 49 pieces.
2025-11-26 00:02:49 [INFO] Peer 1002 has not yet downloaded the complete file.
2025-11-26 00:02:49 Peer 1002 has downloaded piece 49 from peer 1001. Now has 50 pieces.
2025-11-26 00:02:49 [INFO] Peer 1002 has not yet downloaded the complete file.
2025-11-26 00:02:49 Peer 1002 has downloaded piece 50 from peer 1001. Now has 51 pieces.
2025-11-26 00:02:49 [INFO] Peer 1002 has not yet downloaded the complete file.
2025-11-26 00:02:49 Peer 1002 has downloaded piece 51 from peer 1001. Now has 52 pieces.
2025-11-26 00:02:49 [INFO] Peer 1002 has not yet downloaded the complete file.
2025-11-26 00:02:49 Peer 1002 has downloaded piece 52 from peer 1001. Now has 53 pieces.
2025-11-26 00:02:49 [INFO] Peer 1002 has not yet downloaded the complete file.
2025-11-26 00:02:49 Peer 1002 has downloaded piece 53 from peer 1001. Now has 54 pieces.
2025-11-26 00:02:49 [INFO] Peer 1002 has not yet downloaded the complete file.
2025-11-26 00:02:49 Peer 1002 has downloaded piece 54 from peer 1001. Now has 55 pieces.
2025-11-26 00:02:49 [INFO] Peer 1002 has not yet downloaded the complete file.
2025-11-26 00:02:49 Peer 1002 has downloaded piece 55 from peer 1001. Now has 56 pieces.
2025-11-26 00:02:49 [INFO] Peer 1002 has not yet downloaded the complete file.
2025-11-26 00:02:49 Peer 1002 has downloaded piece 56 from peer 1001. Now has 57 pieces.
2025-11-26 00:02:49 [INFO] Peer 1002 has not yet downloaded the complete file.
2025-11-26 00:02:49 Peer 1002 has downloaded piece 57 from peer 1001. Now has 58 pieces.
2025-11-26 00:02:49 [INFO] Peer 1002 has not yet downloaded the complete file.
2025-11-26 00:02:49 Peer 1002 has downloaded piece 58 from peer 1001. Now has 59 pieces.
2025-11-26 00:02:49 [INFO] Peer 1002 has not yet downloaded the complete file.
2025-11-26 00:02:49 Peer 1002 has downloaded piece 59 from peer 1001. Now has 60 pieces.
2025-11-26 00:02:49 [INFO] Peer 1002 has not yet downloaded the complete file.
2025-11-26 00:02:49 Peer 1002 has downloaded piece 60 from peer 1001. Now has 61 pieces.
2025-11-26 00:02:49 [INFO] Peer 1002 has not yet downloaded the complete file.
2025-11-26 00:02:49 Peer 1002 has downloaded piece 61 from peer 1001. Now has 62 pieces.
2025-11-26 00:02:49 [INFO] Peer 1002 has not yet downloaded the complete file.
2025-11-26 00:02:49 Peer 1002 has downloaded piece 62 from peer 1001. Now has 63 pieces.
2025-11-26 00:02:49 [INFO] Peer 1002 has not yet downloaded the complete file.
2025-11-26 00:02:49 Peer 1002 has downloaded piece 63 from peer 1001. Now has 64 pieces.
2025-11-26 00:02:49 [INFO] Peer 1002 has not yet downloaded the complete file.
2025-11-26 00:02:49 Peer 1002 has downloaded piece 64 from peer 1001. Now has 65 pieces.
2025-11-26 00:02:49 [INFO] Peer 1002 has not yet downloaded the complete file.
2025-11-26 00:02:49 Peer 1002 has downloaded piece 65 from peer 1001. Now has 66 pieces.
2025-11-26 00:02:49 [INFO] Peer 1002 has not yet downloaded the complete file.
2025-11-26 00:02:49 Peer 1002 has downloaded piece 66 from peer 1001. Now has 67 pieces.
2025-11-26 00:02:49 [INFO] Peer 1002 has not yet downloaded the complete file.
2025-11-26 00:02:49 Peer 1002 has downloaded piece 67 from peer 1001. Now has 68 pieces.
2025-11-26 00:02:49 [INFO] Peer 1002 has not yet downloaded the complete file.
2025-11-26 00:02:49 Peer 1002 has downloaded piece 68 from peer 1001. Now has 69 pieces.
2025-11-26 00:02:49 [INFO] Peer 1002 has not yet downloaded the complete file.
2025-11-26 00:02:49 Peer 1002 has downloaded piece 69 from peer 1001. Now has 70 pieces.
2025-11-26 00:02:49 [INFO] Peer 1002 has not yet downloaded the complete file.
2025-11-26 00:02:49 Peer 1002 has downloaded piece 70 from peer 1001. Now has 71 pieces.
2025-11-26 00:02:49 [INFO] Peer 1002 has not yet downloaded the complete file.
2025-11-26 00:02:49 Peer 1002 has downloaded piece 71 from peer 1001. Now has 72 pieces.
2025-11-26 00:02:49 [INFO] Peer 1002 has not yet downloaded the complete file.
2025-11-26 00:02:49 Peer 1002 has downloaded piece 72 from peer 1001. Now has 73 pieces.
2025-11-26 00:02:49 [INFO] Peer 1002 has not yet downloaded the complete file.
2025-11-26 00:02:49 Peer 1002 has downloaded piece 73 from peer 1001. Now has 74 pieces.
2025-11-26 00:02:49 [INFO] Peer 1002 has not yet downloaded the complete file.
2025-11-26 00:02:49 Peer 1002 has downloaded piece 74 from peer 1001. Now has 75 pieces.
2025-11-26 00:02:49 [INFO] Peer 1002 has not yet downloaded the complete file.
2025-11-26 00:02:49 Peer 1002 has downloaded piece 75 from peer 1001. Now has 76 pieces.
2025-11-26 00:02:49 [INFO] Peer 1002 has not yet downloaded the complete file.
2025-11-26 00:02:49 Peer 1002 has downloaded piece 76 from peer 1001. Now has 77 pieces.
2025-11-26 00:02:49 [INFO] Peer 1002 has not yet downloaded the complete file.
2025-11-26 00:02:49 Peer 1002 has downloaded piece 77 from peer 1001. Now has 78 pieces.
2025-11-26 00:02:49 [INFO] Peer 1002 has not yet downloaded the complete file.
2025-11-26 00:02:49 Peer 1002 has downloaded piece 78 from peer 1001. Now has 79 pieces.
2025-11-26 00:02:49 [INFO] Peer 1002 has not yet downloaded the complete file.
2025-11-26 00:02:49 Peer 1002 has downloaded piece 79 from peer 1001. Now has 80 pieces.
2025-11-26 00:02:49 [INFO] Peer 1002 has not yet downloaded the complete file.
2025-11-26 00:02:49 Peer 1002 has downloaded piece 80 from peer 1001. Now has 81 pieces.
2025-11-26 00:02:49 [INFO] Peer 1002 has not yet downloaded the complete file.
2025-11-26 00:02:49 Peer 1002 has downloaded piece 81 from peer 1001. Now has 82 pieces.
2025-11-26 00:02:49 [INFO] Peer 1002 has not yet downloaded the complete file.
2025-11-26 00:02:49 Peer 1002 has downloaded piece 82 from peer 1001. Now has 83 pieces.
2025-11-26 00:02:49 [INFO] Peer 1002 has not yet downloaded the complete file.
2025-11-26 00:02:49 Peer 1002 has downloaded piece 83 from peer 1001. Now has 84 pieces.
2025-11-26 00:02:49 [INFO] Peer 1002 has not yet downloaded the complete file.
2025-11-26 00:02:49 Peer 1002 has downloaded piece 84 from peer 1001. Now has 85 pieces.
2025-11-26 00:02:49 [INFO] Peer 1002 has not yet downloaded the complete file.
2025-11-26 00:02:49 Peer 1002 has downloaded piece 85 from peer 1001. Now has 86 pieces.
2025-11-26 00:02:49 [INFO] Peer 1002 has not yet downloaded the complete file.
2025-11-26 00:02:49 Peer 1002 has downloaded piece 86 from peer 1001. Now has 87 pieces.
2025-11-26 00:02:49 [INFO] Peer 1002 has not yet downloaded the complete file.
2025-11-26 00:02:49 Peer 1002 has downloaded piece 87 from peer 1001. Now has 88 pieces.
2025-11-26 00:02:49 [INFO] Peer 1002 has not yet downloaded the complete file.
2025-11-26 00:02:49 Peer 1002 has downloaded piece 88 from peer 1001. Now has 89 pieces.
2025-11-26 00:02:49 [INFO] Peer 1002 has not yet downloaded the complete file.
2025-11-26 00:02:49 Peer 1002 has downloaded piece 89 from peer 1001. Now has 90 pieces.
2025-11-26 00:02:49 [INFO] Peer 1002 has not yet downloaded the complete file.
2025-11-26 00:02:49 Peer 1002 has downloaded piece 90 from peer 1001. Now has 91 pieces.
2025-11-26 00:02:49 [INFO] Peer 1002 has not yet downloaded the complete file.
2025-11-26 00:02:49 Peer 1002 has downloaded piece 91 from peer 1001. Now has 92 pieces.
2025-11-26 00:02:49 [INFO] Peer 1002 has not yet downloaded the complete file.
2025-11-26 00:02:49 Peer 1002 has downloaded piece 92 from peer 1001. Now has 93 pieces.
2025-11-26 00:02:49 [INFO] Peer 1002 has not yet downloaded the complete file.
2025-11-26 00:02:49 Peer 1002 has downloaded piece 93 from peer 1001. Now has 94 pieces.
2025-11-26 00:02:49 [INFO] Peer 1002 has not yet downloaded the complete file.
2025-11-26 00:02:49 Peer 1002 has downloaded piece 94 from peer 1001. Now has 95 pieces.
2025-11-26 00:02:49 [INFO] Peer 1002 has not yet downloaded the complete file.
2025-11-26 00:02:49 Peer 1002 has downloaded piece 95 from peer 1001. Now has 96 pieces.
2025-11-26 00:02:49 [INFO] Peer 1002 has not yet downloaded the complete file.
2025-11-26 00:02:49 Peer 1002 has downloaded piece 96 from peer 1001. Now has 97 pieces.
2025-11-26 00:02:49 [INFO] Peer 1002 has not yet downloaded the complete file.
2025-11-26 00:02:49 Peer 1002 has downloaded piece 97 from peer 1001. Now has 98 pieces.
2025-11-26 00:02:49 [INFO] Peer 1002 has not yet downloaded the complete file.
2025-11-26 00:02:49 Peer 1002 has downloaded piece 98 from peer 1001. Now has 99 pieces.
2025-11-26 00:02:49 [INFO] Peer 1002 has not yet downloaded the complete file.
2025-11-26 00:02:49 Peer 1002 has downloaded piece 99 from peer 1001. Now has 100 pieces.
2025-11-26 00:02:49 [INFO] Peer 1002 has not yet downloaded the complete file.
2025-11-26 00:02:49 Peer 1002 has downloaded piece 100 from peer 1001. Now has 101 pieces.
2025-11-26 00:02:49 [INFO] Peer 1002 has not yet downloaded the complete file.
2025-11-26 00:02:49 Peer 1002 has downloaded piece 101 from peer 1001. Now has 102 pieces.
2025-11-26 00:02:49 [INFO] Peer 1002 has not yet downloaded the complete file.
2025-11-26 00:02:49 Peer 1002 has downloaded piece 102 from peer 1001. Now has 103 pieces.
2025-11-26 00:02:49 [INFO] Peer 1002 has not yet downloaded the complete file.
2025-11-26 00:02:49 Peer 1002 has downloaded piece 103 from peer 1001. Now has 104 pieces.
2025-11-26 00:02:49 [INFO] Peer 1002 has not yet downloaded the complete file.
2025-11-26 00:02:49 Peer 1002 has downloaded piece 104 from peer 1001. Now has 105 pieces.
2025-11-26 00:02:49 [INFO] Peer 1002 has not yet downloaded the complete file.
2025-11-26 00:02:49 Peer 1002 has downloaded piece 105 from peer 1001. Now has 106 pieces.
2025-11-26 00:02:49 [INFO] Peer 1002 has not yet downloaded the complete file.
2025-11-26 00:02:49 Peer 1002 has downloaded piece 106 from peer 1001. Now has 107 pieces.
2025-11-26 00:02:49 [INFO] Peer 1002 has not yet downloaded the complete file.
2025-11-26 00:02:49 Peer 1002 has downloaded piece 107 from peer 1001. Now has 108 pieces.
2025-11-26 00:02:49 [INFO] Peer 1002 has not yet downloaded the complete file.
2025-11-26 00:02:49 Peer 1002 has downloaded piece 108 from peer 1001. Now has 109 pieces.
2025-11-26 00:02:49 [INFO] Peer 1002 has not yet downloaded the complete file.
2025-11-26 00:02:49 Peer 1002 has downloaded piece 109 from peer 1001. Now has 110 pieces.
2025-11-26 00:02:49 [INFO] Peer 1002 has not yet downloaded the complete file.
2025-11-26 00:02:49 Peer 1002 has downloaded piece 110 from peer 1001. Now has 111 pieces.
2025-11-26 00:02:49 [INFO] Peer 1002 has not yet downloaded the complete file.
2025-11-26 00:02:49 Peer 1002 has downloaded piece 111 from peer 1001. Now has 112 pieces.
2025-11-26 00:02:49 [INFO] Peer 1002 has not yet downloaded the complete file.
2025-11-26 00:02:49 Peer 1002 has downloaded piece 112 from peer 1001. Now has 113 pieces.
2025-11-26 00:02:49 [INFO] Peer 1002 has not yet downloaded the complete file.
2025-11-26 00:02:49 Peer 1002 has downloaded piece 113 from peer 1001. Now has 114 pieces.
2025-11-26 00:02:49 [INFO] Peer 1002 has not yet downloaded the complete file.
2025-11-26 00:02:49 Peer 1002 has downloaded piece 114 from peer 1001. Now has 115 pieces.
2025-11-26 00:02:49 [INFO] Peer 1002 has not yet downloaded the complete file.
2025-11-26 00:02:49 Peer 1002 has downloaded piece 115 from peer 1001. Now has 116 pieces.
2025-11-26 00:02:49 [INFO] Peer 1002 has not yet downloaded the complete file.
2025-11-26 00:02:49 Peer 1002 has downloaded piece 116 from peer 1001. Now has 117 pieces.
2025-11-26 00:02:49 [INFO] Peer 1002 has not yet downloaded the complete file.
2025-11-26 00:02:49 Peer 1002 has downloaded piece 117 from peer 1001. Now has 118 pieces.
2025-11-26 00:02:49 [INFO] Peer 1002 has not yet downloaded the complete file.
2025-11-26 00:02:49 Peer 1002 has downloaded piece 118 from peer 1001. Now has 119 pieces.
2025-11-26 00:02:49 [INFO] Peer 1002 has not yet downloaded the complete file.
2025-11-26 00:02:49 Peer 1002 has downloaded piece 119 from peer 1001. Now has 120 pieces.
2025-11-26 00:02:49 [INFO] Peer 1002 has not yet downloaded the complete file.
2025-11-26 00:02:49 Peer 1002 has downloaded piece 120 from peer 1001. Now has 121 pieces.
2025-11-26 00:02:49 [INFO] Peer 1002 has not yet downloaded the complete file.
2025-11-26 00:02:49 Peer 1002 has downloaded piece 121 from peer 1001. Now has 122 pieces.
2025-11-26 00:02:49 [INFO] Peer 1002 has not yet downloaded the complete file.
2025-11-26 00:02:49 Peer 1002 has downloaded piece 122 from peer 1001. Now has 123 pieces.
2025-11-26 00:02:49 [INFO] Peer 1002 has not yet downloaded the complete file.
2025-11-26 00:02:49 Peer 1002 has downloaded piece 123 from peer 1001. Now has 124 pieces.
2025-11-26 00:02:49 [INFO] Peer 1002 has not yet downloaded the complete file.
2025-11-26 00:02:49 Peer 1002 has downloaded piece 124 from peer 1001. Now has 125 pieces.
2025-11-26 00:02:49 [INFO] Peer 1002 has not yet downloaded the complete file.
2025-11-26 00:02:49 Peer 1002 has downloaded piece 125 from peer 1001. Now has 126 pieces.
2025-11-26 00:02:49 [INFO] Peer 1002 has not yet downloaded the complete file.
2025-11-26 00:02:49 Peer 1002 has downloaded piece 126 from peer 1001. Now has 127 pieces.
2025-11-26 00:02:49 [INFO] Peer 1002 has not yet downloaded the complete file.
2025-11-26 00:02:49 Peer 1002 has downloaded piece 127 from peer 1001. Now has 128 pieces.
2025-11-26 00:02:49 [INFO] Peer 1002 has not yet downloaded the complete file.
2025-11-26 00:02:49 Peer 1002 has downloaded piece 128 from peer 1001. Now has 129 pieces.
2025-11-26 00:02:49 [INFO] Peer 1002 has not yet downloaded the complete file.
2025-11-26 00:02:49 Peer 1002 has downloaded piece 129 from peer 1001. Now has 130 pieces.
2025-11-26 00:02:49 [INFO] Peer 1002 has not yet downloaded the complete file.
2025-11-26 00:02:49 Peer 1002 has downloaded piece 130 from peer 1001. Now has 131 pieces.
2025-11-26 00:02:49 [INFO] Peer 1002 has not yet downloaded the complete file.
2025-11-26 00:02:49 Peer 1002 has downloaded piece 131 from peer 1001. Now has 132 pieces.
2025-11-26 00:02:49 [INFO] Peer 1002 has not yet downloaded the complete file.
2025-11-26 00:02:49 Peer 1002 has downloaded piece 132 from peer 1001. Now has 133 pieces.
2025-11-26 00:02:49 [INFO] Peer 1002 has downloaded the complete file.
2025-11-26 00:02:50 Peer 1002 has the preferred neighbors .
2025-11-26 00:02:54 Peer 1002 received the 'unchoke' message from peer 1001.
2025-11-26 00:02:57 Peer 1002 sent handshake to Peer 1002.
2025-11-26 00:02:57 Peer 1002 connected to Peer 1003.
2025-11-26 00:02:57 Peer 1002 received the 'interested' message from peer 1003.
2025-11-26 00:02:59 Peer 1002 received the 'have' message from peer 1003 for piece 0.
2025-11-26 00:02:59 Peer 1002 received the 'have' message from peer 1003 for piece 1.
2025-11-26 00:02:59 Peer 1002 received the 'have' message from peer 1003 for piece 2.
2025-11-26 00:02:59 Peer 1002 received the 'have' message from peer 1003 for piece 3.
2025-11-26 00:02:59 Peer 1002 received the 'have' message from peer 1003 for piece 4.
2025-11-26 00:02:59 Peer 1002 received the 'have' message from peer 1003 for piece 5.
2025-11-26 00:02:59 Peer 1002 received the 'have' message from peer 1003 for piece 6.
2025-11-26 00:02:59 Peer 1002 received the 'have' message from peer 1003 for piece 7.
2025-11-26 00:02:59 Peer 1002 received the 'have' message from peer 1003 for piece 8.
2025-11-26 00:02:59 Peer 1002 received the 'have' message from peer 1003 for piece 9.
2025-11-26 00:02:59 Peer 1002 received the 'have' message from peer 1003 for piece 10.
2025-11-26 00:02:59 Peer 1002 received the 'have' message from peer 1003 for piece 11.
2025-11-26 00:02:59 Peer 1002 received the 'have' message from peer 1003 for piece 12.
2025-11-26 00:02:59 Peer 1002 received the 'have' message from peer 1003 for piece 13.
2025-11-26 00:02:59 Peer 1002 received the 'have' message from peer 1003 for piece 14.
2025-11-26 00:02:59 Peer 1002 received the 'have' message from peer 1003 for piece 15.
2025-11-26 00:02:59 Peer 1002 received the 'have' message from peer 1003 for piece 16.
2025-11-26 00:02:59 Peer 1002 received the 'have' message from peer 1003 for piece 17.
2025-11-26 00:02:59 Peer 1002 received the 'have' message from peer 1003 for piece 18.
2025-11-26 00:02:59 Peer 1002 received the 'have' message from peer 1003 for piece 19.
2025-11-26 00:02:59 Peer 1002 received the 'have' message from peer 1003 for piece 20.
2025-11-26 00:02:59 Peer 1002 received the 'have' message from peer 1003 for piece 21.
2025-11-26 00:02:59 Peer 1002 received the 'have' message from peer 1003 for piece 22.
2025-11-26 00:02:59 Peer 1002 received the 'have' message from peer 1003 for piece 23.
2025-11-26 00:02:59 Peer 1002 received the 'have' message from peer 1003 for piece 24.
2025-11-26 00:02:59 Peer 1002 received the 'have' message from peer 1003 for piece 25.
2025-11-26 00:02:59 Peer 1002 received the 'have' message from peer 1003 for piece 26.
2025-11-26 00:02:59 Peer 1002 received the 'have' message from peer 1003 for piece 27.
2025-11-26 00:02:59 Peer 1002 received the 'have' message from peer 1003 for piece 28.
2025-11-26 00:02:59 Peer 1002 received the 'have' message from peer 1003 for piece 29.
2025-11-26 00:02:59 Peer 1002 received the 'have' message from peer 1003 for piece 30.
2025-11-26 00:02:59 Peer 1002 received the 'have' message from peer 1003 for piece 31.
2025-11-26 00:02:59 Peer 1002 received the 'have' message from peer 1003 for piece 32.
2025-11-26 00:02:59 Peer 1002 received the 'have' message from peer 1003 for piece 33.
2025-11-26 00:02:59 Peer 1002 received the 'have' message from peer 1003 for piece 34.
2025-11-26 00:02:59 Peer 1002 received the 'have' message from peer 1003 for piece 35.
2025-11-26 00:02:59 Peer 1002 received the 'have' message from peer 1003 for piece 36.
2025-11-26 00:02:59 Peer 1002 received the 'have' message from peer 1003 for piece 37.
2025-11-26 00:02:59 Peer 1002 received the 'have' message from peer 1003 for piece 38.
2025-11-26 00:02:59 Peer 1002 received the 'have' message from peer 1003 for piece 39.
2025-11-26 00:02:59 Peer 1002 received the 'have' message from peer 1003 for piece 40.
2025-11-26 00:02:59 Peer 1002 received the 'have' message from peer 1003 for piece 41.
2025-11-26 00:02:59 Peer 1002 received the 'have' message from peer 1003 for piece 42.
2025-11-26 00:02:59 Peer 1002 received the 'have' message from peer 1003 for piece 43.
2025-11-26 00:02:59 Peer 1002 received the 'have' message from peer 1003 for piece 44.
2025-11-26 00:02:59 Peer 1002 received the 'have' message from peer 1003 for piece 45.
2025-11-26 00:02:59 Peer 1002 received the 'have' message from peer 1003 for piece 46.
2025-11-26 00:02:59 Peer 1002 received the 'have' message from peer 1003 for piece 47.
2025-11-26 00:02:59 Peer 1002 received the 'have' message from peer 1003 for piece 48.
2025-11-26 00:02:59 Peer 1002 received the 'have' message from peer 1003 for piece 49.
2025-11-26 00:02:59 Peer 1002 received the 'have' message from peer 1003 for piece 50.
2025-11-26 00:02:59 Peer 1002 received the 'have' message from peer 1003 for piece 51.
2025-11-26 00:02:59 Peer 1002 received the 'have' message from peer 1003 for piece 52.
2025-11-26 00:02:59 Peer 1002 received the 'have' message from peer 1003 for piece 53.
2025-11-26 00:02:59 Peer 1002 received the 'have' message from peer 1003 for piece 54.
2025-11-26 00:02:59 Peer 1002 received the 'have' message from peer 1003 for piece 55.
2025-11-26 00:02:59 Peer 1002 received the 'have' message from peer 1003 for piece 56.
2025-11-26 00:02:59 Peer 1002 received the 'have' message from peer 1003 for piece 57.
2025-11-26 00:02:59 Peer 1002 received the 'have' message from peer 1003 for piece 58.
2025-11-26 00:02:59 Peer 1002 received the 'have' message from peer 1003 for piece 59.
2025-11-26 00:02:59 Peer 1002 received the 'have' message from peer 1003 for piece 60.
2025-11-26 00:02:59 Peer 1002 received the 'have' message from peer 1003 for piece 61.
2025-11-26 00:02:59 Peer 1002 received the 'have' message from peer 1003 for piece 62.
2025-11-26 00:02:59 Peer 1002 received the 'have' message from peer 1003 for piece 63.
2025-11-26 00:02:59 Peer 1002 received the 'have' message from peer 1003 for piece 64.
2025-11-26 00:02:59 Peer 1002 received the 'have' message from peer 1003 for piece 65.
2025-11-26 00:02:59 Peer 1002 received the 'have' message from peer 1003 for piece 66.
2025-11-26 00:02:59 Peer 1002 received the 'have' message from peer 1003 for piece 67.
2025-11-26 00:02:59 Peer 1002 received the 'have' message from peer 1003 for piece 68.
2025-11-26 00:02:59 Peer 1002 received the 'have' message from peer 1003 for piece 69.
2025-11-26 00:02:59 Peer 1002 received the 'have' message from peer 1003 for piece 70.
2025-11-26 00:02:59 Peer 1002 received the 'have' message from peer 1003 for piece 71.
2025-11-26 00:02:59 Peer 1002 received the 'have' message from peer 1003 for piece 72.
2025-11-26 00:02:59 Peer 1002 received the 'have' message from peer 1003 for piece 73.
2025-11-26 00:02:59 Peer 1002 received the 'have' message from peer 1003 for piece 74.
2025-11-26 00:02:59 Peer 1002 received the 'have' message from peer 1003 for piece 75.
2025-11-26 00:02:59 Peer 1002 received the 'have' message from peer 1003 for piece 76.
2025-11-26 00:02:59 Peer 1002 received the 'have' message from peer 1003 for piece 77.
2025-11-26 00:02:59 Peer 1002 received the 'have' message from peer 1003 for piece 78.
2025-11-26 00:02:59 Peer 1002 received the 'have' message from peer 1003 for piece 79.
2025-11-26 00:02:59 Peer 1002 received the 'have' message from peer 1003 for piece 80.
2025-11-26 00:02:59 Peer 1002 received the 'have' message from peer 1003 for piece 81.
2025-11-26 00:02:59 Peer 1002 received the 'have' message from peer 1003 for piece 82.
2025-11-26 00:02:59 Peer 1002 received the 'have' message from peer 1003 for piece 83.
2025-11-26 00:02:59 Peer 1002 received the 'have' message from peer 1003 for piece 84.
2025-11-26 00:02:59 Peer 1002 received the 'have' message from peer 1003 for piece 85.
2025-11-26 00:02:59 Peer 1002 received the 'have' message from peer 1003 for piece 86.
2025-11-26 00:02:59 Peer 1002 received the 'have' message from peer 1003 for piece 87.
2025-11-26 00:02:59 Peer 1002 received the 'have' message from peer 1003 for piece 88.
2025-11-26 00:02:59 Peer 1002 received the 'have' message from peer 1003 for piece 89.
2025-11-26 00:02:59 Peer 1002 received the 'have' message from peer 1003 for piece 90.
2025-11-26 00:02:59 Peer 1002 received the 'have' message from peer 1003 for piece 91.
2025-11-26 00:02:59 Peer 1002 received the 'have' message from peer 1003 for piece 92.
2025-11-26 00:02:59 Peer 1002 received the 'have' message from peer 1003 for piece 93.
2025-11-26 00:02:59 Peer 1002 received the 'have' message from peer 1003 for piece 94.
2025-11-26 00:02:59 Peer 1002 received the 'have' message from peer 1003 for piece 95.
2025-11-26 00:02:59 Peer 1002 received the 'have' message from peer 1003 for piece 96.
2025-11-26 00:02:59 Peer 1002 received the 'have' message from peer 1003 for piece 97.
2025-11-26 00:02:59 Peer 1002 received the 'have' message from peer 1003 for piece 98.
2025-11-26 00:02:59 Peer 1002 received the 'have' message from peer 1003 for piece 99.
2025-11-26 00:02:59 Peer 1002 received the 'have' message from peer 1003 for piece 100.
2025-11-26 00:02:59 Peer 1002 received the 'have' message from peer 1003 for piece 101.
2025-11-26 00:02:59 Peer 1002 received the 'have' message from peer 1003 for piece 102.
2025-11-26 00:02:59 Peer 1002 received the 'have' message from peer 1003 for piece 103.
2025-11-26 00:02:59 Peer 1002 received the 'have' message from peer 1003 for piece 104.
2025-11-26 00:02:59 Peer 1002 received the 'have' message from peer 1003 for piece 105.
2025-11-26 00:02:59 Peer 1002 received the 'have' message from peer 1003 for piece 106.
2025-11-26 00:02:59 Peer 1002 received the 'have' message from peer 1003 for piece 107.
2025-11-26 00:02:59 Peer 1002 received the 'have' message from peer 1003 for piece 108.
2025-11-26 00:02:59 Peer 1002 received the 'have' message from peer 1003 for piece 109.
2025-11-26 00:02:59 Peer 1002 received the 'have' message from peer 1003 for piece 110.
2025-11-26 00:02:59 Peer 1002 received the 'have' message from peer 1003 for piece 111.
2025-11-26 00:02:59 Peer 1002 received the 'have' message from peer 1003 for piece 112.
2025-11-26 00:02:59 Peer 1002 received the 'have' message from peer 1003 for piece 113.
2025-11-26 00:02:59 Peer 1002 received the 'have' message from peer 1003 for piece 114.
2025-11-26 00:02:59 Peer 1002 received the 'have' message from peer 1003 for piece 115.
2025-11-26 00:02:59 Peer 1002 received the 'have' message from peer 1003 for piece 116.
2025-11-26 00:02:59 Peer 1002 received the 'have' message from peer 1003 for piece 117.
2025-11-26 00:02:59 Peer 1002 received the 'have' message from peer 1003 for piece 118.
2025-11-26 00:02:59 Peer 1002 received the 'have' message from peer 1003 for piece 119.
2025-11-26 00:02:59 Peer 1002 received the 'have' message from peer 1003 for piece 120.
2025-11-26 00:02:59 Peer 1002 received the 'have' message from peer 1003 for piece 121.
2025-11-26 00:02:59 Peer 1002 received the 'have' message from peer 1003 for piece 122.
2025-11-26 00:02:59 Peer 1002 received the 'have' message from peer 1003 for piece 123.
2025-11-26 00:02:59 Peer 1002 received the 'have' message from peer 1003 for piece 124.
2025-11-26 00:02:59 Peer 1002 received the 'have' message from peer 1003 for piece 125.
2025-11-26 00:02:59 Peer 1002 received the 'have' message from peer 1003 for piece 126.
2025-11-26 00:02:59 Peer 1002 received the 'have' message from peer 1003 for piece 127.
2025-11-26 00:02:59 Peer 1002 received the 'have' message from peer 1003 for piece 128.
2025-11-26 00:02:59 Peer 1002 received the 'have' message from peer 1003 for piece 129.
2025-11-26 00:02:59 Peer 1002 received the 'have' message from peer 1003 for piece 130.
2025-11-26 00:02:59 Peer 1002 received the 'have' message from peer 1003 for piece 131.
2025-11-26 00:02:59 Peer 1002 received the 'have' message from peer 1003 for piece 132.
2025-11-26 23:15:34 Peer 1002 connected to localhost:6001.
2025-11-26 23:15:34 Peer 1002 sent handshake to Peer 1002.
2025-11-26 23:15:34 Peer 1002 connected to Peer 1001.
2025-11-26 23:15:34 Peer 1002 received the 'not interested' message from peer 1001.
2025-11-26 23:15:34 Peer 1002 is listening for incoming connections on port 6002.
2025-11-26 23:15:34 Peer 1002 started accepting incoming connections.
2025-11-26 23:15:35 Peer 1002 received the 'unchoke' message from peer 1001.
2025-11-26 23:15:39 Peer 1002 has the preferred neighbors .
2025-11-26 23:15:40 Peer 1002 received the 'unchoke' message from peer 1001.
2025-11-26 23:15:47 [ERROR] Failed to read message from peer socket: 4
2025-11-26 23:15:47 [DISCONNECT] Lost connection to peer 1001
