2025-11-26 12:51:06 Peer 1004 connected to 192.168.1.21:6001.
2025-11-26 12:51:06 Peer 1004 sent handshake to Peer 1004.
2025-11-26 12:51:06 Peer 1004 connected to Peer 1001.
2025-11-26 12:51:06 Peer 1004 received the 'not interested' message from peer 1001.
2025-11-26 12:51:06 Peer 1004 connected to 192.168.1.25:6002.
2025-11-26 12:51:06 Peer 1004 sent handshake to Peer 1004.
2025-11-26 12:51:06 Peer 1004 connected to Peer 1002.
2025-11-26 12:51:06 Peer 1004 connected to 192.168.1.25:6003.
2025-11-26 12:51:06 Peer 1004 sent handshake to Peer 1004.
2025-11-26 12:51:06 Peer 1004 connected to Peer 1003.
2025-11-26 12:51:06 Peer 1004 is listening for incoming connections on port 6004.
2025-11-26 12:51:06 Peer 1004 started accepting incoming connections.
2025-11-26 12:51:06 Peer 1004 received the 'not interested' message from peer 1002.
2025-11-26 12:51:06 Peer 1004 received the 'not interested' message from peer 1003.
2025-11-26 12:51:07 Peer 1004 received the 'unchoke' message from peer 1001.
2025-11-26 12:51:07 Peer 1004 has downloaded piece 0 from peer 1001. Now has 1 pieces.
2025-11-26 12:51:07 [INFO] Peer 1004 has not yet downloaded the complete file.
2025-11-26 12:51:07 Peer 1004 has downloaded piece 1 from peer 1001. Now has 2 pieces.
2025-11-26 12:51:07 [INFO] Peer 1004 has not yet downloaded the complete file.
2025-11-26 12:51:07 Peer 1004 has downloaded piece 2 from peer 1001. Now has 3 pieces.
2025-11-26 12:51:07 [INFO] Peer 1004 has not yet downloaded the complete file.
2025-11-26 12:51:07 Peer 1004 has downloaded piece 3 from peer 1001. Now has 4 pieces.
2025-11-26 12:51:07 [INFO] Peer 1004 has not yet downloaded the complete file.
2025-11-26 12:51:07 Peer 1004 has downloaded piece 4 from peer 1001. Now has 5 pieces.
2025-11-26 12:51:07 [INFO] Peer 1004 has not yet downloaded the complete file.
2025-11-26 12:51:07 Peer 1004 has downloaded piece 5 from peer 1001. Now has 6 pieces.
2025-11-26 12:51:07 [INFO] Peer 1004 has not yet downloaded the complete file.
2025-11-26 12:51:07 Peer 1004 has downloaded piece 6 from peer 1001. Now has 7 pieces.
2025-11-26 12:51:07 [INFO] Peer 1004 has not yet downloaded the complete file.
2025-11-26 12:51:07 Peer 1004 has downloaded piece 7 from peer 1001. Now has 8 pieces.
2025-11-26 12:51:07 [INFO] Peer 1004 has not yet downloaded the complete file.
2025-11-26 12:51:07 Peer 1004 has downloaded piece 8 from peer 1001. Now has 9 pieces.
2025-11-26 12:51:07 [INFO] Peer 1004 has not yet downloaded the complete file.
2025-11-26 12:51:07 Peer 1004 has downloaded piece 9 from peer 1001. Now has 10 pieces.
2025-11-26 12:51:07 [INFO] Peer 1004 has not yet downloaded the complete file.
2025-11-26 12:51:07 Peer 1004 has downloaded piece 10 from peer 1001. Now has 11 pieces.
2025-11-26 12:51:07 [INFO] Peer 1004 has not yet downloaded the complete file.
2025-11-26 12:51:07 Peer 1004 has downloaded piece 11 from peer 1001. Now has 12 pieces.
2025-11-26 12:51:07 [INFO] Peer 1004 has not yet downloaded the complete file.
2025-11-26 12:51:07 Peer 1004 has downloaded piece 12 from peer 1001. Now has 13 pieces.
2025-11-26 12:51:07 [INFO] Peer 1004 has not yet downloaded the complete file.
2025-11-26 12:51:07 Peer 1004 has downloaded piece 13 from peer 1001. Now has 14 pieces.
2025-11-26 12:51:07 [INFO] Peer 1004 has not yet downloaded the complete file.
2025-11-26 12:51:07 Peer 1004 has downloaded piece 14 from peer 1001. Now has 15 pieces.
2025-11-26 12:51:07 [INFO] Peer 1004 has not yet downloaded the complete file.
2025-11-26 12:51:07 Peer 1004 has downloaded piece 15 from peer 1001. Now has 16 pieces.
2025-11-26 12:51:07 [INFO] Peer 1004 has not yet downloaded the complete file.
2025-11-26 12:51:07 Peer 1004 has downloaded piece 16 from peer 1001. Now has 17 pieces.
2025-11-26 12:51:07 [INFO] Peer 1004 has not yet downloaded the complete file.
2025-11-26 12:51:07 Peer 1004 has downloaded piece 17 from peer 1001. Now has 18 pieces.
2025-11-26 12:51:07 [INFO] Peer 1004 has not yet downloaded the complete file.
2025-11-26 12:51:07 Peer 1004 has downloaded piece 18 from peer 1001. Now has 19 pieces.
2025-11-26 12:51:07 [INFO] Peer 1004 has not yet downloaded the complete file.
2025-11-26 12:51:07 Peer 1004 has downloaded piece 19 from peer 1001. Now has 20 pieces.
2025-11-26 12:51:07 [INFO] Peer 1004 has not yet downloaded the complete file.
2025-11-26 12:51:07 Peer 1004 has downloaded piece 20 from peer 1001. Now has 21 pieces.
2025-11-26 12:51:07 [INFO] Peer 1004 has not yet downloaded the complete file.
2025-11-26 12:51:07 Peer 1004 has downloaded piece 21 from peer 1001. Now has 22 pieces.
2025-11-26 12:51:07 [INFO] Peer 1004 has not yet downloaded the complete file.
2025-11-26 12:51:07 Peer 1004 has downloaded piece 22 from peer 1001. Now has 23 pieces.
2025-11-26 12:51:07 [INFO] Peer 1004 has not yet downloaded the complete file.
2025-11-26 12:51:07 Peer 1004 has downloaded piece 23 from peer 1001. Now has 24 pieces.
2025-11-26 12:51:07 [INFO] Peer 1004 has not yet downloaded the complete file.
2025-11-26 12:51:07 Peer 1004 has downloaded piece 24 from peer 1001. Now has 25 pieces.
2025-11-26 12:51:07 [INFO] Peer 1004 has not yet downloaded the complete file.
2025-11-26 12:51:07 Peer 1004 has downloaded piece 25 from peer 1001. Now has 26 pieces.
2025-11-26 12:51:07 [INFO] Peer 1004 has not yet downloaded the complete file.
2025-11-26 12:51:07 Peer 1004 has downloaded piece 26 from peer 1001. Now has 27 pieces.
2025-11-26 12:51:07 [INFO] Peer 1004 has not yet downloaded the complete file.
2025-11-26 12:51:07 Peer 1004 has downloaded piece 27 from peer 1001. Now has 28 pieces.
2025-11-26 12:51:07 [INFO] Peer 1004 has not yet downloaded the complete file.
2025-11-26 12:51:07 Peer 1004 has downloaded piece 28 from peer 1001. Now has 29 pieces.
2025-11-26 12:51:07 [INFO] Peer 1004 has not yet downloaded the complete file.
2025-11-26 12:51:07 Peer 1004 has downloaded piece 29 from peer 1001. Now has 30 pieces.
2025-11-26 12:51:07 [INFO] Peer 1004 has not yet downloaded the complete file.
2025-11-26 12:51:07 Peer 1004 has downloaded piece 30 from peer 1001. Now has 31 pieces.
2025-11-26 12:51:07 [INFO] Peer 1004 has not yet downloaded the complete file.
2025-11-26 12:51:07 Peer 1004 has downloaded piece 31 from peer 1001. Now has 32 pieces.
2025-11-26 12:51:07 [INFO] Peer 1004 has not yet downloaded the complete file.
2025-11-26 12:51:07 Peer 1004 has downloaded piece 32 from peer 1001. Now has 33 pieces.
2025-11-26 12:51:07 [INFO] Peer 1004 has not yet downloaded the complete file.
2025-11-26 12:51:07 Peer 1004 has downloaded piece 33 from peer 1001. Now has 34 pieces.
2025-11-26 12:51:07 [INFO] Peer 1004 has not yet downloaded the complete file.
2025-11-26 12:51:07 Peer 1004 has downloaded piece 34 from peer 1001. Now has 35 pieces.
2025-11-26 12:51:07 [INFO] Peer 1004 has not yet downloaded the complete file.
2025-11-26 12:51:07 Peer 1004 has downloaded piece 35 from peer 1001. Now has 36 pieces.
2025-11-26 12:51:07 [INFO] Peer 1004 has not yet downloaded the complete file.
2025-11-26 12:51:07 Peer 1004 has downloaded piece 36 from peer 1001. Now has 37 pieces.
2025-11-26 12:51:07 [INFO] Peer 1004 has not yet downloaded the complete file.
2025-11-26 12:51:07 Peer 1004 has downloaded piece 37 from peer 1001. Now has 38 pieces.
2025-11-26 12:51:07 [INFO] Peer 1004 has not yet downloaded the complete file.
2025-11-26 12:51:07 Peer 1004 has downloaded piece 38 from peer 1001. Now has 39 pieces.
2025-11-26 12:51:07 [INFO] Peer 1004 has not yet downloaded the complete file.
2025-11-26 12:51:07 Peer 1004 has downloaded piece 39 from peer 1001. Now has 40 pieces.
2025-11-26 12:51:07 [INFO] Peer 1004 has not yet downloaded the complete file.
2025-11-26 12:51:07 Peer 1004 has downloaded piece 40 from peer 1001. Now has 41 pieces.
2025-11-26 12:51:07 [INFO] Peer 1004 has not yet downloaded the complete file.
2025-11-26 12:51:07 Peer 1004 has downloaded piece 41 from peer 1001. Now has 42 pieces.
2025-11-26 12:51:07 [INFO] Peer 1004 has not yet downloaded the complete file.
2025-11-26 12:51:07 Peer 1004 has downloaded piece 42 from peer 1001. Now has 43 pieces.
2025-11-26 12:51:07 [INFO] Peer 1004 has not yet downloaded the complete file.
2025-11-26 12:51:07 Peer 1004 has downloaded piece 43 from peer 1001. Now has 44 pieces.
2025-11-26 12:51:07 [INFO] Peer 1004 has not yet downloaded the complete file.
2025-11-26 12:51:07 Peer 1004 has downloaded piece 44 from peer 1001. Now has 45 pieces.
2025-11-26 12:51:07 [INFO] Peer 1004 has not yet downloaded the complete file.
2025-11-26 12:51:07 Peer 1004 has downloaded piece 45 from peer 1001. Now has 46 pieces.
2025-11-26 12:51:07 [INFO] Peer 1004 has not yet downloaded the complete file.
2025-11-26 12:51:07 Peer 1004 has downloaded piece 46 from peer 1001. Now has 47 pieces.
2025-11-26 12:51:07 [INFO] Peer 1004 has not yet downloaded the complete file.
2025-11-26 12:51:07 Peer 1004 has downloaded piece 47 from peer 1001. Now has 48 pieces.
2025-11-26 12:51:07 [INFO] Peer 1004 has not yet downloaded the complete file.
2025-11-26 12:51:07 Peer 1004 has downloaded piece 48 from peer 1001. Now has 49 pieces.
2025-11-26 12:51:07 [INFO] Peer 1004 has not yet downloaded the complete file.
2025-11-26 12:51:07 Peer 1004 has downloaded piece 49 from peer 1001. Now has 50 pieces.
2025-11-26 12:51:07 [INFO] Peer 1004 has not yet downloaded the complete file.
2025-11-26 12:51:07 Peer 1004 has downloaded piece 50 from peer 1001. Now has 51 pieces.
2025-11-26 12:51:07 [INFO] Peer 1004 has not yet downloaded the complete file.
2025-11-26 12:51:07 Peer 1004 has downloaded piece 51 from peer 1001. Now has 52 pieces.
2025-11-26 12:51:07 [INFO] Peer 1004 has not yet downloaded the complete file.
2025-11-26 12:51:07 Peer 1004 has downloaded piece 52 from peer 1001. Now has 53 pieces.
2025-11-26 12:51:07 [INFO] Peer 1004 has not yet downloaded the complete file.
2025-11-26 12:51:07 Peer 1004 has downloaded piece 53 from peer 1001. Now has 54 pieces.
2025-11-26 12:51:07 [INFO] Peer 1004 has not yet downloaded the complete file.
2025-11-26 12:51:07 Peer 1004 has downloaded piece 54 from peer 1001. Now has 55 pieces.
2025-11-26 12:51:07 [INFO] Peer 1004 has not yet downloaded the complete file.
2025-11-26 12:51:07 Peer 1004 has downloaded piece 55 from peer 1001. Now has 56 pieces.
2025-11-26 12:51:07 [INFO] Peer 1004 has not yet downloaded the complete file.
2025-11-26 12:51:07 Peer 1004 has downloaded piece 56 from peer 1001. Now has 57 pieces.
2025-11-26 12:51:07 [INFO] Peer 1004 has not yet downloaded the complete file.
2025-11-26 12:51:07 Peer 1004 has downloaded piece 57 from peer 1001. Now has 58 pieces.
2025-11-26 12:51:07 [INFO] Peer 1004 has not yet downloaded the complete file.
2025-11-26 12:51:07 Peer 1004 has downloaded piece 58 from peer 1001. Now has 59 pieces.
2025-11-26 12:51:07 [INFO] Peer 1004 has not yet downloaded the complete file.
2025-11-26 12:51:07 Peer 1004 has downloaded piece 59 from peer 1001. Now has 60 pieces.
2025-11-26 12:51:07 [INFO] Peer 1004 has not yet downloaded the complete file.
2025-11-26 12:51:07 Peer 1004 has downloaded piece 60 from peer 1001. Now has 61 pieces.
2025-11-26 12:51:07 [INFO] Peer 1004 has not yet downloaded the complete file.
2025-11-26 12:51:07 Peer 1004 has downloaded piece 61 from peer 1001. Now has 62 pieces.
2025-11-26 12:51:07 [INFO] Peer 1004 has not yet downloaded the complete file.
2025-11-26 12:51:07 Peer 1004 has downloaded piece 62 from peer 1001. Now has 63 pieces.
2025-11-26 12:51:07 [INFO] Peer 1004 has not yet downloaded the complete file.
2025-11-26 12:51:07 Peer 1004 has downloaded piece 63 from peer 1001. Now has 64 pieces.
2025-11-26 12:51:07 [INFO] Peer 1004 has not yet downloaded the complete file.
2025-11-26 12:51:07 Peer 1004 has downloaded piece 64 from peer 1001. Now has 65 pieces.
2025-11-26 12:51:07 [INFO] Peer 1004 has not yet downloaded the complete file.
2025-11-26 12:51:07 Peer 1004 has downloaded piece 65 from peer 1001. Now has 66 pieces.
2025-11-26 12:51:07 [INFO] Peer 1004 has not yet downloaded the complete file.
2025-11-26 12:51:07 Peer 1004 has downloaded piece 66 from peer 1001. Now has 67 pieces.
2025-11-26 12:51:07 [INFO] Peer 1004 has not yet downloaded the complete file.
2025-11-26 12:51:07 Peer 1004 has downloaded piece 67 from peer 1001. Now has 68 pieces.
2025-11-26 12:51:07 [INFO] Peer 1004 has not yet downloaded the complete file.
2025-11-26 12:51:07 Peer 1004 has downloaded piece 68 from peer 1001. Now has 69 pieces.
2025-11-26 12:51:07 [INFO] Peer 1004 has not yet downloaded the complete file.
2025-11-26 12:51:07 Peer 1004 has downloaded piece 69 from peer 1001. Now has 70 pieces.
2025-11-26 12:51:07 [INFO] Peer 1004 has not yet downloaded the complete file.
2025-11-26 12:51:07 Peer 1004 has downloaded piece 70 from peer 1001. Now has 71 pieces.
2025-11-26 12:51:07 [INFO] Peer 1004 has not yet downloaded the complete file.
2025-11-26 12:51:07 Peer 1004 has downloaded piece 71 from peer 1001. Now has 72 pieces.
2025-11-26 12:51:07 [INFO] Peer 1004 has not yet downloaded the complete file.
2025-11-26 12:51:07 Peer 1004 has downloaded piece 72 from peer 1001. Now has 73 pieces.
2025-11-26 12:51:07 [INFO] Peer 1004 has not yet downloaded the complete file.
2025-11-26 12:51:07 Peer 1004 has downloaded piece 73 from peer 1001. Now has 74 pieces.
2025-11-26 12:51:07 [INFO] Peer 1004 has not yet downloaded the complete file.
2025-11-26 12:51:07 Peer 1004 has downloaded piece 74 from peer 1001. Now has 75 pieces.
2025-11-26 12:51:07 [INFO] Peer 1004 has not yet downloaded the complete file.
2025-11-26 12:51:07 Peer 1004 has downloaded piece 75 from peer 1001. Now has 76 pieces.
2025-11-26 12:51:07 [INFO] Peer 1004 has not yet downloaded the complete file.
2025-11-26 12:51:07 Peer 1004 has downloaded piece 76 from peer 1001. Now has 77 pieces.
2025-11-26 12:51:07 [INFO] Peer 1004 has not yet downloaded the complete file.
2025-11-26 12:51:07 Peer 1004 has downloaded piece 77 from peer 1001. Now has 78 pieces.
2025-11-26 12:51:07 [INFO] Peer 1004 has not yet downloaded the complete file.
2025-11-26 12:51:07 Peer 1004 has downloaded piece 78 from peer 1001. Now has 79 pieces.
2025-11-26 12:51:07 [INFO] Peer 1004 has not yet downloaded the complete file.
2025-11-26 12:51:07 Peer 1004 has downloaded piece 79 from peer 1001. Now has 80 pieces.
2025-11-26 12:51:07 [INFO] Peer 1004 has not yet downloaded the complete file.
2025-11-26 12:51:07 Peer 1004 has downloaded piece 80 from peer 1001. Now has 81 pieces.
2025-11-26 12:51:07 [INFO] Peer 1004 has not yet downloaded the complete file.
2025-11-26 12:51:07 Peer 1004 has downloaded piece 81 from peer 1001. Now has 82 pieces.
2025-11-26 12:51:07 [INFO] Peer 1004 has not yet downloaded the complete file.
2025-11-26 12:51:07 Peer 1004 has downloaded piece 82 from peer 1001. Now has 83 pieces.
2025-11-26 12:51:07 [INFO] Peer 1004 has not yet downloaded the complete file.
2025-11-26 12:51:07 Peer 1004 has downloaded piece 83 from peer 1001. Now has 84 pieces.
2025-11-26 12:51:07 [INFO] Peer 1004 has not yet downloaded the complete file.
2025-11-26 12:51:07 Peer 1004 has downloaded piece 84 from peer 1001. Now has 85 pieces.
2025-11-26 12:51:07 [INFO] Peer 1004 has not yet downloaded the complete file.
2025-11-26 12:51:07 Peer 1004 has downloaded piece 85 from peer 1001. Now has 86 pieces.
2025-11-26 12:51:07 [INFO] Peer 1004 has not yet downloaded the complete file.
2025-11-26 12:51:07 Peer 1004 has downloaded piece 86 from peer 1001. Now has 87 pieces.
2025-11-26 12:51:07 [INFO] Peer 1004 has not yet downloaded the complete file.
2025-11-26 12:51:07 Peer 1004 has downloaded piece 87 from peer 1001. Now has 88 pieces.
2025-11-26 12:51:07 [INFO] Peer 1004 has not yet downloaded the complete file.
2025-11-26 12:51:07 Peer 1004 has downloaded piece 88 from peer 1001. Now has 89 pieces.
2025-11-26 12:51:07 [INFO] Peer 1004 has not yet downloaded the complete file.
2025-11-26 12:51:07 Peer 1004 has downloaded piece 89 from peer 1001. Now has 90 pieces.
2025-11-26 12:51:07 [INFO] Peer 1004 has not yet downloaded the complete file.
2025-11-26 12:51:07 Peer 1004 has downloaded piece 90 from peer 1001. Now has 91 pieces.
2025-11-26 12:51:07 [INFO] Peer 1004 has not yet downloaded the complete file.
2025-11-26 12:51:07 Peer 1004 has downloaded piece 91 from peer 1001. Now has 92 pieces.
2025-11-26 12:51:07 [INFO] Peer 1004 has not yet downloaded the complete file.
2025-11-26 12:51:07 Peer 1004 has downloaded piece 92 from peer 1001. Now has 93 pieces.
2025-11-26 12:51:07 [INFO] Peer 1004 has not yet downloaded the complete file.
2025-11-26 12:51:07 Peer 1004 has downloaded piece 93 from peer 1001. Now has 94 pieces.
2025-11-26 12:51:07 [INFO] Peer 1004 has not yet downloaded the complete file.
2025-11-26 12:51:07 Peer 1004 has downloaded piece 94 from peer 1001. Now has 95 pieces.
2025-11-26 12:51:07 [INFO] Peer 1004 has not yet downloaded the complete file.
2025-11-26 12:51:07 Peer 1004 has downloaded piece 95 from peer 1001. Now has 96 pieces.
2025-11-26 12:51:07 [INFO] Peer 1004 has not yet downloaded the complete file.
2025-11-26 12:51:08 Peer 1004 has downloaded piece 96 from peer 1001. Now has 97 pieces.
2025-11-26 12:51:08 [INFO] Peer 1004 has not yet downloaded the complete file.
2025-11-26 12:51:08 Peer 1004 has downloaded piece 97 from peer 1001. Now has 98 pieces.
2025-11-26 12:51:08 [INFO] Peer 1004 has not yet downloaded the complete file.
2025-11-26 12:51:08 Peer 1004 has downloaded piece 98 from peer 1001. Now has 99 pieces.
2025-11-26 12:51:08 [INFO] Peer 1004 has not yet downloaded the complete file.
2025-11-26 12:51:08 Peer 1004 has downloaded piece 99 from peer 1001. Now has 100 pieces.
2025-11-26 12:51:08 [INFO] Peer 1004 has not yet downloaded the complete file.
2025-11-26 12:51:08 Peer 1004 has downloaded piece 100 from peer 1001. Now has 101 pieces.
2025-11-26 12:51:08 [INFO] Peer 1004 has not yet downloaded the complete file.
2025-11-26 12:51:08 Peer 1004 has downloaded piece 101 from peer 1001. Now has 102 pieces.
2025-11-26 12:51:08 [INFO] Peer 1004 has not yet downloaded the complete file.
2025-11-26 12:51:08 Peer 1004 has downloaded piece 102 from peer 1001. Now has 103 pieces.
2025-11-26 12:51:08 [INFO] Peer 1004 has not yet downloaded the complete file.
2025-11-26 12:51:08 Peer 1004 has downloaded piece 103 from peer 1001. Now has 104 pieces.
2025-11-26 12:51:08 [INFO] Peer 1004 has not yet downloaded the complete file.
2025-11-26 12:51:08 Peer 1004 has downloaded piece 104 from peer 1001. Now has 105 pieces.
2025-11-26 12:51:08 [INFO] Peer 1004 has not yet downloaded the complete file.
2025-11-26 12:51:08 Peer 1004 has downloaded piece 105 from peer 1001. Now has 106 pieces.
2025-11-26 12:51:08 [INFO] Peer 1004 has not yet downloaded the complete file.
2025-11-26 12:51:08 Peer 1004 has downloaded piece 106 from peer 1001. Now has 107 pieces.
2025-11-26 12:51:08 [INFO] Peer 1004 has not yet downloaded the complete file.
2025-11-26 12:51:08 Peer 1004 has downloaded piece 107 from peer 1001. Now has 108 pieces.
2025-11-26 12:51:08 [INFO] Peer 1004 has not yet downloaded the complete file.
2025-11-26 12:51:08 Peer 1004 has downloaded piece 108 from peer 1001. Now has 109 pieces.
2025-11-26 12:51:08 [INFO] Peer 1004 has not yet downloaded the complete file.
2025-11-26 12:51:08 Peer 1004 has downloaded piece 109 from peer 1001. Now has 110 pieces.
2025-11-26 12:51:08 [INFO] Peer 1004 has not yet downloaded the complete file.
2025-11-26 12:51:08 Peer 1004 has downloaded piece 110 from peer 1001. Now has 111 pieces.
2025-11-26 12:51:08 [INFO] Peer 1004 has not yet downloaded the complete file.
2025-11-26 12:51:08 Peer 1004 has downloaded piece 111 from peer 1001. Now has 112 pieces.
2025-11-26 12:51:08 [INFO] Peer 1004 has not yet downloaded the complete file.
2025-11-26 12:51:08 Peer 1004 has downloaded piece 112 from peer 1001. Now has 113 pieces.
2025-11-26 12:51:08 [INFO] Peer 1004 has not yet downloaded the complete file.
2025-11-26 12:51:08 Peer 1004 has downloaded piece 113 from peer 1001. Now has 114 pieces.
2025-11-26 12:51:08 [INFO] Peer 1004 has not yet downloaded the complete file.
2025-11-26 12:51:08 Peer 1004 has downloaded piece 114 from peer 1001. Now has 115 pieces.
2025-11-26 12:51:08 [INFO] Peer 1004 has not yet downloaded the complete file.
2025-11-26 12:51:08 Peer 1004 has downloaded piece 115 from peer 1001. Now has 116 pieces.
2025-11-26 12:51:08 [INFO] Peer 1004 has not yet downloaded the complete file.
2025-11-26 12:51:08 Peer 1004 has downloaded piece 116 from peer 1001. Now has 117 pieces.
2025-11-26 12:51:08 [INFO] Peer 1004 has not yet downloaded the complete file.
2025-11-26 12:51:08 Peer 1004 has downloaded piece 117 from peer 1001. Now has 118 pieces.
2025-11-26 12:51:08 [INFO] Peer 1004 has not yet downloaded the complete file.
2025-11-26 12:51:08 Peer 1004 has downloaded piece 118 from peer 1001. Now has 119 pieces.
2025-11-26 12:51:08 [INFO] Peer 1004 has not yet downloaded the complete file.
2025-11-26 12:51:08 Peer 1004 has downloaded piece 119 from peer 1001. Now has 120 pieces.
2025-11-26 12:51:08 [INFO] Peer 1004 has not yet downloaded the complete file.
2025-11-26 12:51:08 Peer 1004 has downloaded piece 120 from peer 1001. Now has 121 pieces.
2025-11-26 12:51:08 [INFO] Peer 1004 has not yet downloaded the complete file.
2025-11-26 12:51:08 Peer 1004 has downloaded piece 121 from peer 1001. Now has 122 pieces.
2025-11-26 12:51:08 [INFO] Peer 1004 has not yet downloaded the complete file.
2025-11-26 12:51:08 Peer 1004 has downloaded piece 122 from peer 1001. Now has 123 pieces.
2025-11-26 12:51:08 [INFO] Peer 1004 has not yet downloaded the complete file.
2025-11-26 12:51:08 Peer 1004 has downloaded piece 123 from peer 1001. Now has 124 pieces.
2025-11-26 12:51:08 [INFO] Peer 1004 has not yet downloaded the complete file.
2025-11-26 12:51:08 Peer 1004 has downloaded piece 124 from peer 1001. Now has 125 pieces.
2025-11-26 12:51:08 [INFO] Peer 1004 has not yet downloaded the complete file.
2025-11-26 12:51:08 Peer 1004 has downloaded piece 125 from peer 1001. Now has 126 pieces.
2025-11-26 12:51:08 [INFO] Peer 1004 has not yet downloaded the complete file.
2025-11-26 12:51:08 Peer 1004 has downloaded piece 126 from peer 1001. Now has 127 pieces.
2025-11-26 12:51:08 [INFO] Peer 1004 has not yet downloaded the complete file.
2025-11-26 12:51:08 Peer 1004 has downloaded piece 127 from peer 1001. Now has 128 pieces.
2025-11-26 12:51:08 [INFO] Peer 1004 has not yet downloaded the complete file.
2025-11-26 12:51:08 Peer 1004 has downloaded piece 128 from peer 1001. Now has 129 pieces.
2025-11-26 12:51:08 [INFO] Peer 1004 has not yet downloaded the complete file.
2025-11-26 12:51:08 Peer 1004 has downloaded piece 129 from peer 1001. Now has 130 pieces.
2025-11-26 12:51:08 [INFO] Peer 1004 has not yet downloaded the complete file.
2025-11-26 12:51:08 Peer 1004 has downloaded piece 130 from peer 1001. Now has 131 pieces.
2025-11-26 12:51:08 [INFO] Peer 1004 has not yet downloaded the complete file.
2025-11-26 12:51:08 Peer 1004 has downloaded piece 131 from peer 1001. Now has 132 pieces.
2025-11-26 12:51:08 [INFO] Peer 1004 has not yet downloaded the complete file.
2025-11-26 12:51:08 Peer 1004 has downloaded piece 132 from peer 1001. Now has 133 pieces.
2025-11-26 12:51:08 [INFO] Peer 1004 has downloaded the complete file.
2025-11-26 12:51:11 Peer 1004 has the preferred neighbors .
2025-11-26 12:51:12 Peer 1004 received the 'unchoke' message from peer 1001.
